Arguments: 
  C:\Program Files\nodejs\node.exe C:\Users\istiak\AppData\Roaming\npm\node_modules\yarn\bin\yarn.js init

PATH: 
  C:\WINDOWS\system32;C:\WINDOWS;C:\WINDOWS\System32\Wbem;C:\WINDOWS\System32\WindowsPowerShell\v1.0\;C:\WINDOWS\System32\OpenSSH\;C:\Program Files\Git\cmd;C:\python\Scripts;C:\python;C:\Program Files\Docker\Docker\resources\bin;C:\ProgramData\DockerDesktop\version-bin;C:\Program Files\Amazon\AWSCLIV2\;C:\cygwin64\bin;C:\Program Files\PuTTY\;C:\Users\istiak\Desktop\code\img_to_txt_poc\venv\Scripts\pytesseract.exe;C:\ProgramData\chocolatey\bin;C:\Program Files\CMake\bin;C:\ninja-win;C:\ffmpeg\bin;C:\Program Files\Git LFS;C:\wamp\bin\php\php8.1.0;C:\ProgramData\ComposerSetup\bin;C:\stripe_cli;C:\ProgramData\nvm;C:\Program Files\nodejs;C:\minikube;C:\eksctl_Windows_amd64;C:\my_utils;C:\Program Files\GitHub CLI\;C:\Program Files\dotnet\;C:\Users\istiak\AppData\Local\Microsoft\WindowsApps;C:\Users\istiak\AppData\Local\Programs\Microsoft VS Code\bin;C:\Users\istiak\AppData\Roaming\npm;C:\Users\istiak\AppData\Roaming\Composer\vendor\bin;C:\ProgramData\nvm;C:\Program Files\nodejs

Yarn version: 
  1.22.18

Node version: 
  16.15.0

Platform: 
  win32 x64

Trace: 
  Error: canceled
      at Interface.<anonymous> (C:\Users\istiak\AppData\Roaming\npm\node_modules\yarn\lib\cli.js:137143:13)
      at Interface.emit (node:events:527:28)
      at Interface._ttyWrite (node:readline:1081:16)
      at ReadStream.onkeypress (node:readline:288:10)
      at ReadStream.emit (node:events:527:28)
      at emitKeys (node:internal/readline/utils:358:14)
      at emitKeys.next (<anonymous>)
      at ReadStream.onData (node:internal/readline/emitKeypressEvents:61:36)
      at ReadStream.emit (node:events:527:28)
      at addChunk (node:internal/streams/readable:315:12)

npm manifest: 
  No manifest

yarn manifest: 
  No manifest

Lockfile: 
  No lockfile
